     1                                 %line 1+1 hello.asm
     2                                 
     3                                 
     4                                 
     5                                 
     6                                 
     7                                 
     8                                 
     9                                 %line 13+1 hello.asm
    10                                 
    11                                 
    12                                 
    13                                 
    14                                 
    15                                 
    16                                 
    17                                 
    18                                 
    19                                 
    20                                 
    21                                 
    22                                 
    23                                 
    24                                 
    25                                 [section .data]
    26 00000000 48656C6C6F2C20776F-     msg dd "Hello, world!",0xa
    27 00000000 726C64210000000A00-
    28 00000000 0000               
    29                                  len equ $ - msg
    30                                 
    31                                 [section .bss]
    32                                 
    33                                 [section .text]
    34                                 [global _start]
    35                                 
    36                                 _start:
    37 00000000 48C7C001000000          mov rax, 0x1
    38 00000007 48C7C701000000          mov rdi, 0x1
    39 0000000E 48C7C6[00000000]        mov rsi, msg
    40 00000015 48BA14000000000000-     mov rdx, len
    41 00000015 00                 
    42 0000001F 0F05                    syscall
    43 00000021 48C7C03C000000          mov rax, 0x3c
    44 00000028 48C7C700000000          mov rdi, 0x0
    45 0000002F 0F05                    syscall
    46                                 
